     1                                  ; aligned.asm
     2                                  extern printf
     3                                  section .data							
     4 00000000 322074696D65732070-     	fmt	db	"2 times pi equals %.14f",10,0 
     4 00000009 6920657175616C7320-
     4 00000012 252E3134660A00     
     5 00000019 112D4454FB210940        	pi	dq	3.14159265358979
     6                                  section .bss							
     7                                  section .text
     8                                  func3:
     9 00000000 55                      	push rbp
    10 00000001 F20F100425-             		movsd 	xmm0, [pi]
    10 00000006 [19000000]         
    11 0000000A F20F580425-             		addsd 	xmm0, [pi]
    11 0000000F [19000000]         
    12 00000013 48BF-                   		mov		rdi,fmt
    12 00000015 [0000000000000000] 
    13 0000001D B801000000              		mov		rax,1		
    14 00000022 E8(00000000)            		call 	printf	; print a float
    15 00000027 5D                       	pop rbp
    16 00000028 C3                      	ret
    17                                  func2:
    18 00000029 55                         	push rbp
    19 0000002A E8D1FFFFFF              		call 	func3	; call the third function
    20 0000002F 5D                      	pop rbp
    21 00000030 C3                         	ret
    22                                  func1:
    23 00000031 55                          push rbp
    24 00000032 E8F2FFFFFF              		call 	func2	; call the second function
    25 00000037 5D                      	pop rbp
    26 00000038 C3                          ret
    27                                  
    28                                  	global main
    29                                  main:
    30 00000039 55                      	push rbp
    31 0000003A E8F2FFFFFF              		call func1	; call the first function
    32 0000003F 5D                      	pop rbp
    33 00000040 C3                      	ret
