     1                                  ; function4.asm
     2                                  extern printf
     3                                  extern c_area
     4                                  extern c_circum
     5                                  extern r_area
     6                                  extern r_circum
     7                                  global pi 
     8                                  section .data
     9 00000000 50455254FB210940        	pi	dq	3.141592654							
    10 00000008 0000000000002440        	radius	dq	10.0					
    11 00000010 0400000000000000        	side1	dq	4
    12 00000018 0500000000000000        	side2	dq	5		
    13 00000020 25732025660A00          	fmtf	db	"%s %f",10,0
    14 00000027 25732025640A00          	fmti	db	"%s %d",10,0
    15 0000002E 54686520636972636C-     	ca	db	"The circle area is ",0
    15 00000037 652061726561206973-
    15 00000040 2000               
    16 00000042 54686520636972636C-     	cc	db	"The circle circumference is ",0
    16 0000004B 652063697263756D66-
    16 00000054 6572656E6365206973-
    16 0000005D 2000               
    17 0000005F 546865207265637461-     	ra	db	"The rectangle area is ",0
    17 00000068 6E676C652061726561-
    17 00000071 2069732000         
    18 00000076 546865207265637461-     	rc	db	"The rectangle circumference is ",0
    18 0000007F 6E676C652063697263-
    18 00000088 756D666572656E6365-
    18 00000091 2069732000         
    19                                  section .bss													
    20                                  section .text											
    21                                  	global main						
    22                                  main:
    23 00000000 C8000000                	enter 0,0
    24                                  
    25                                  ; circle area
    26 00000004 F20F100425-             	movsd xmm0, qword [radius]			; radius xmm0 argument
    26 00000009 [08000000]         
    27 0000000D E8(00000000)            	call c_area					; area returned in xmm0
    28                                  	; print the circle area
    29 00000012 48BF-                   		mov rdi, fmtf
    29 00000014 [2000000000000000] 
    30 0000001C 48BE-                   		mov rsi, ca
    30 0000001E [2E00000000000000] 
    31 00000026 B801000000              		mov rax, 1
    32 0000002B E8(00000000)            		call printf
    33                                  ; circle circumference
    34 00000030 F20F100425-             	movsd xmm0, qword [radius]			; radius xmm0 argument
    34 00000035 [08000000]         
    35 00000039 E8(00000000)            	call c_circum					; circumference returned in xmm0
    36                                  	; print the circle circumference
    37 0000003E 48BF-                   		mov rdi, fmtf
    37 00000040 [2000000000000000] 
    38 00000048 48BE-                   		mov rsi, cc
    38 0000004A [4200000000000000] 
    39 00000052 B801000000              		mov rax, 1
    40 00000057 E8(00000000)            		call printf
    41                                  ; rectangle area
    42 0000005C 488B3C25[10000000]      	mov rdi, [side1]			
    43 00000064 488B3425[18000000]      	mov rsi, [side2]		
    44 0000006C E8(00000000)            	call r_area					; area returned in rax
    45                                  	; print the rectangle area
    46 00000071 48BF-                   		mov rdi, fmti
    46 00000073 [2700000000000000] 
    47 0000007B 48BE-                   		mov rsi, ra
    47 0000007D [5F00000000000000] 
    48 00000085 4889C2                  		mov rdx, rax
    49 00000088 B800000000              		mov rax, 0
    50 0000008D E8(00000000)            		call printf
    51                                  ; rectangle circumference
    52 00000092 488B3C25[10000000]      	mov rdi, [side1]			
    53 0000009A 488B3425[18000000]      	mov rsi, [side2]
    54 000000A2 E8(00000000)            	call r_circum					; circumference returned in rax
    55                                  	; print the rectangle circumference
    56 000000A7 48BF-                   		mov rdi, fmti
    56 000000A9 [2700000000000000] 
    57 000000B1 48BE-                   		mov rsi, rc
    57 000000B3 [7600000000000000] 
    58 000000BB 4889C2                  		mov rdx, rax
    59 000000BE B800000000              		mov rax, 0
    60 000000C3 E8(00000000)            		call printf
    61 000000C8 C9                      leave
    62 000000C9 C3                      ret
